# JRE version: Java(TM) SE Runtime Environment (8.0_271-b09) (build 1.8.0_271-b09)
# Java VM: Java HotSpot(TM) 64-Bit Server VM (25.271-b09 mixed mode windows-amd64 compressed oops)
Heap:
 PSYoungGen      total 57344K, used 7605K [0x0000000780500000, 0x0000000787500000, 0x00000007c0000000)
  eden space 49152K, 15% used [0x0000000780500000,0x0000000780c6d538,0x0000000783500000)
  from space 8192K, 0% used [0x0000000783d00000,0x0000000783d00000,0x0000000784500000)
  to   space 8192K, 0% used [0x0000000783500000,0x0000000783500000,0x0000000783d00000)
 ParOldGen       total 78848K, used 9009K [0x0000000700e00000, 0x0000000705b00000, 0x0000000780500000)
  object space 78848K, 11% used [0x0000000700e00000,0x00000007016cc580,0x0000000705b00000)
 Metaspace       used 23723K, capacity 24674K, committed 24960K, reserved 1071104K
  class space    used 3427K, capacity 3650K, committed 3712K, reserved 1048576K
GC Heap History (6 events):
Event: 2.195 GC heap before
{Heap before GC invocations=1 (full 0):
 PSYoungGen      total 57344K, used 49152K [0x0000000780500000, 0x0000000784500000, 0x00000007c0000000)
  eden space 49152K, 100% used [0x0000000780500000,0x0000000783500000,0x0000000783500000)
  from space 8192K, 0% used [0x0000000783d00000,0x0000000783d00000,0x0000000784500000)
  to   space 8192K, 0% used [0x0000000783500000,0x0000000783500000,0x0000000783d00000)
 ParOldGen       total 131072K, used 0K [0x0000000700e00000, 0x0000000708e00000, 0x0000000780500000)
  object space 131072K, 0% used [0x0000000700e00000,0x0000000700e00000,0x0000000708e00000)
 Metaspace       used 18927K, capacity 19766K, committed 20096K, reserved 1067008K
  class space    used 2628K, capacity 2818K, committed 2944K, reserved 1048576K
Event: 2.205 GC heap after
Heap after GC invocations=1 (full 0):
 PSYoungGen      total 57344K, used 5576K [0x0000000780500000, 0x0000000784500000, 0x00000007c0000000)
  eden space 49152K, 0% used [0x0000000780500000,0x0000000780500000,0x0000000783500000)
  from space 8192K, 68% used [0x0000000783500000,0x0000000783a721a0,0x0000000783d00000)
  to   space 8192K, 0% used [0x0000000783d00000,0x0000000783d00000,0x0000000784500000)
 ParOldGen       total 131072K, used 80K [0x0000000700e00000, 0x0000000708e00000, 0x0000000780500000)
  object space 131072K, 0% used [0x0000000700e00000,0x0000000700e14010,0x0000000708e00000)
 Metaspace       used 18927K, capacity 19766K, committed 20096K, reserved 1067008K
  class space    used 2628K, capacity 2818K, committed 2944K, reserved 1048576K
}
Event: 2.375 GC heap before
{Heap before GC invocations=2 (full 0):
 PSYoungGen      total 57344K, used 15477K [0x0000000780500000, 0x0000000784500000, 0x00000007c0000000)
  eden space 49152K, 20% used [0x0000000780500000,0x0000000780eab4b0,0x0000000783500000)
  from space 8192K, 68% used [0x0000000783500000,0x0000000783a721a0,0x0000000783d00000)
  to   space 8192K, 0% used [0x0000000783d00000,0x0000000783d00000,0x0000000784500000)
 ParOldGen       total 131072K, used 80K [0x0000000700e00000, 0x0000000708e00000, 0x0000000780500000)
  object space 131072K, 0% used [0x0000000700e00000,0x0000000700e14010,0x0000000708e00000)
 Metaspace       used 20327K, capacity 21168K, committed 21296K, reserved 1067008K
  class space    used 2904K, capacity 3127K, committed 3200K, reserved 1048576K
Event: 2.381 GC heap after
Heap after GC invocations=2 (full 0):
 PSYoungGen      total 57344K, used 8160K [0x0000000780500000, 0x0000000787500000, 0x00000007c0000000)
  eden space 49152K, 0% used [0x0000000780500000,0x0000000780500000,0x0000000783500000)
  from space 8192K, 99% used [0x0000000783d00000,0x00000007844f8040,0x0000000784500000)
  to   space 8192K, 0% used [0x0000000783500000,0x0000000783500000,0x0000000783d00000)
 ParOldGen       total 131072K, used 2985K [0x0000000700e00000, 0x0000000708e00000, 0x0000000780500000)
  object space 131072K, 2% used [0x0000000700e00000,0x00000007010ea738,0x0000000708e00000)
 Metaspace       used 20327K, capacity 21168K, committed 21296K, reserved 1067008K
  class space    used 2904K, capacity 3127K, committed 3200K, reserved 1048576K
}
Event: 2.381 GC heap before
{Heap before GC invocations=3 (full 1):
 PSYoungGen      total 57344K, used 8160K [0x0000000780500000, 0x0000000787500000, 0x00000007c0000000)
  eden space 49152K, 0% used [0x0000000780500000,0x0000000780500000,0x0000000783500000)
  from space 8192K, 99% used [0x0000000783d00000,0x00000007844f8040,0x0000000784500000)
  to   space 8192K, 0% used [0x0000000783500000,0x0000000783500000,0x0000000783d00000)
 ParOldGen       total 131072K, used 2985K [0x0000000700e00000, 0x0000000708e00000, 0x0000000780500000)
  object space 131072K, 2% used [0x0000000700e00000,0x00000007010ea738,0x0000000708e00000)
 Metaspace       used 20327K, capacity 21168K, committed 21296K, reserved 1067008K
  class space    used 2904K, capacity 3127K, committed 3200K, reserved 1048576K
Event: 2.406 GC heap after
Heap after GC invocations=3 (full 1):
 PSYoungGen      total 57344K, used 0K [0x0000000780500000, 0x0000000787500000, 0x00000007c0000000)
  eden space 49152K, 0% used [0x0000000780500000,0x0000000780500000,0x0000000783500000)
  from space 8192K, 0% used [0x0000000783d00000,0x0000000783d00000,0x0000000784500000)
  to   space 8192K, 0% used [0x0000000783500000,0x0000000783500000,0x0000000783d00000)
 ParOldGen       total 78848K, used 9009K [0x0000000700e00000, 0x0000000705b00000, 0x0000000780500000)
  object space 78848K, 11% used [0x0000000700e00000,0x00000007016cc580,0x0000000705b00000)
 Metaspace       used 20327K, capacity 21168K, committed 21296K, reserved 1067008K
  class space    used 2904K, capacity 3127K, committed 3200K, reserved 1048576K
}

