# JRE version: Java(TM) SE Runtime Environment (8.0_271-b09) (build 1.8.0_271-b09)
# Java VM: Java HotSpot(TM) 64-Bit Server VM (25.271-b09 mixed mode windows-amd64 compressed oops)
Heap:
 PSYoungGen      total 57344K, used 8109K [0x0000000780500000, 0x0000000787500000, 0x00000007c0000000)
  eden space 49152K, 16% used [0x0000000780500000,0x0000000780ceb618,0x0000000783500000)
  from space 8192K, 0% used [0x0000000783d00000,0x0000000783d00000,0x0000000784500000)
  to   space 8192K, 0% used [0x0000000783500000,0x0000000783500000,0x0000000783d00000)
 ParOldGen       total 79872K, used 8975K [0x0000000700e00000, 0x0000000705c00000, 0x0000000780500000)
  object space 79872K, 11% used [0x0000000700e00000,0x00000007016c3d28,0x0000000705c00000)
 Metaspace       used 23756K, capacity 24738K, committed 24960K, reserved 1071104K
  class space    used 3418K, capacity 3650K, committed 3712K, reserved 1048576K
GC Heap History (6 events):
Event: 1.884 GC heap before
{Heap before GC invocations=1 (full 0):
 PSYoungGen      total 57344K, used 49152K [0x0000000780500000, 0x0000000784500000, 0x00000007c0000000)
  eden space 49152K, 100% used [0x0000000780500000,0x0000000783500000,0x0000000783500000)
  from space 8192K, 0% used [0x0000000783d00000,0x0000000783d00000,0x0000000784500000)
  to   space 8192K, 0% used [0x0000000783500000,0x0000000783500000,0x0000000783d00000)
 ParOldGen       total 131072K, used 0K [0x0000000700e00000, 0x0000000708e00000, 0x0000000780500000)
  object space 131072K, 0% used [0x0000000700e00000,0x0000000700e00000,0x0000000708e00000)
 Metaspace       used 19164K, capacity 20032K, committed 20096K, reserved 1067008K
  class space    used 2705K, capacity 2921K, committed 2944K, reserved 1048576K
Event: 1.890 GC heap after
Heap after GC invocations=1 (full 0):
 PSYoungGen      total 57344K, used 5720K [0x0000000780500000, 0x0000000784500000, 0x00000007c0000000)
  eden space 49152K, 0% used [0x0000000780500000,0x0000000780500000,0x0000000783500000)
  from space 8192K, 69% used [0x0000000783500000,0x0000000783a961b0,0x0000000783d00000)
  to   space 8192K, 0% used [0x0000000783d00000,0x0000000783d00000,0x0000000784500000)
 ParOldGen       total 131072K, used 80K [0x0000000700e00000, 0x0000000708e00000, 0x0000000780500000)
  object space 131072K, 0% used [0x0000000700e00000,0x0000000700e14010,0x0000000708e00000)
 Metaspace       used 19164K, capacity 20032K, committed 20096K, reserved 1067008K
  class space    used 2705K, capacity 2921K, committed 2944K, reserved 1048576K
}
Event: 2.010 GC heap before
{Heap before GC invocations=2 (full 0):
 PSYoungGen      total 57344K, used 15845K [0x0000000780500000, 0x0000000784500000, 0x00000007c0000000)
  eden space 49152K, 20% used [0x0000000780500000,0x0000000780ee33a0,0x0000000783500000)
  from space 8192K, 69% used [0x0000000783500000,0x0000000783a961b0,0x0000000783d00000)
  to   space 8192K, 0% used [0x0000000783d00000,0x0000000783d00000,0x0000000784500000)
 ParOldGen       total 131072K, used 80K [0x0000000700e00000, 0x0000000708e00000, 0x0000000780500000)
  object space 131072K, 0% used [0x0000000700e00000,0x0000000700e14010,0x0000000708e00000)
 Metaspace       used 20300K, capacity 21160K, committed 21296K, reserved 1067008K
  class space    used 2894K, capacity 3127K, committed 3200K, reserved 1048576K
Event: 2.015 GC heap after
Heap after GC invocations=2 (full 0):
 PSYoungGen      total 57344K, used 8176K [0x0000000780500000, 0x0000000787500000, 0x00000007c0000000)
  eden space 49152K, 0% used [0x0000000780500000,0x0000000780500000,0x0000000783500000)
  from space 8192K, 99% used [0x0000000783d00000,0x00000007844fc050,0x0000000784500000)
  to   space 8192K, 0% used [0x0000000783500000,0x0000000783500000,0x0000000783d00000)
 ParOldGen       total 131072K, used 2939K [0x0000000700e00000, 0x0000000708e00000, 0x0000000780500000)
  object space 131072K, 2% used [0x0000000700e00000,0x00000007010ded50,0x0000000708e00000)
 Metaspace       used 20300K, capacity 21160K, committed 21296K, reserved 1067008K
  class space    used 2894K, capacity 3127K, committed 3200K, reserved 1048576K
}
Event: 2.015 GC heap before
{Heap before GC invocations=3 (full 1):
 PSYoungGen      total 57344K, used 8176K [0x0000000780500000, 0x0000000787500000, 0x00000007c0000000)
  eden space 49152K, 0% used [0x0000000780500000,0x0000000780500000,0x0000000783500000)
  from space 8192K, 99% used [0x0000000783d00000,0x00000007844fc050,0x0000000784500000)
  to   space 8192K, 0% used [0x0000000783500000,0x0000000783500000,0x0000000783d00000)
 ParOldGen       total 131072K, used 2939K [0x0000000700e00000, 0x0000000708e00000, 0x0000000780500000)
  object space 131072K, 2% used [0x0000000700e00000,0x00000007010ded50,0x0000000708e00000)
 Metaspace       used 20300K, capacity 21160K, committed 21296K, reserved 1067008K
  class space    used 2894K, capacity 3127K, committed 3200K, reserved 1048576K
Event: 2.040 GC heap after
Heap after GC invocations=3 (full 1):
 PSYoungGen      total 57344K, used 0K [0x0000000780500000, 0x0000000787500000, 0x00000007c0000000)
  eden space 49152K, 0% used [0x0000000780500000,0x0000000780500000,0x0000000783500000)
  from space 8192K, 0% used [0x0000000783d00000,0x0000000783d00000,0x0000000784500000)
  to   space 8192K, 0% used [0x0000000783500000,0x0000000783500000,0x0000000783d00000)
 ParOldGen       total 79872K, used 8975K [0x0000000700e00000, 0x0000000705c00000, 0x0000000780500000)
  object space 79872K, 11% used [0x0000000700e00000,0x00000007016c3d28,0x0000000705c00000)
 Metaspace       used 20300K, capacity 21160K, committed 21296K, reserved 1067008K
  class space    used 2894K, capacity 3127K, committed 3200K, reserved 1048576K
}

