# JRE version: Java(TM) SE Runtime Environment (8.0_271-b09) (build 1.8.0_271-b09)
# Java VM: Java HotSpot(TM) 64-Bit Server VM (25.271-b09 mixed mode windows-amd64 compressed oops)
Heap:
 PSYoungGen      total 57344K, used 7813K [0x0000000780500000, 0x0000000787500000, 0x00000007c0000000)
  eden space 49152K, 15% used [0x0000000780500000,0x0000000780ca17e8,0x0000000783500000)
  from space 8192K, 0% used [0x0000000783d00000,0x0000000783d00000,0x0000000784500000)
  to   space 8192K, 0% used [0x0000000783500000,0x0000000783500000,0x0000000783d00000)
 ParOldGen       total 79872K, used 8973K [0x0000000700e00000, 0x0000000705c00000, 0x0000000780500000)
  object space 79872K, 11% used [0x0000000700e00000,0x00000007016c3790,0x0000000705c00000)
 Metaspace       used 24050K, capacity 25028K, committed 25216K, reserved 1071104K
  class space    used 3452K, capacity 3685K, committed 3712K, reserved 1048576K
GC Heap History (6 events):
Event: 1.876 GC heap before
{Heap before GC invocations=1 (full 0):
 PSYoungGen      total 57344K, used 49152K [0x0000000780500000, 0x0000000784500000, 0x00000007c0000000)
  eden space 49152K, 100% used [0x0000000780500000,0x0000000783500000,0x0000000783500000)
  from space 8192K, 0% used [0x0000000783d00000,0x0000000783d00000,0x0000000784500000)
  to   space 8192K, 0% used [0x0000000783500000,0x0000000783500000,0x0000000783d00000)
 ParOldGen       total 131072K, used 0K [0x0000000700e00000, 0x0000000708e00000, 0x0000000780500000)
  object space 131072K, 0% used [0x0000000700e00000,0x0000000700e00000,0x0000000708e00000)
 Metaspace       used 19168K, capacity 20024K, committed 20096K, reserved 1067008K
  class space    used 2712K, capacity 2921K, committed 2944K, reserved 1048576K
Event: 1.882 GC heap after
Heap after GC invocations=1 (full 0):
 PSYoungGen      total 57344K, used 5688K [0x0000000780500000, 0x0000000784500000, 0x00000007c0000000)
  eden space 49152K, 0% used [0x0000000780500000,0x0000000780500000,0x0000000783500000)
  from space 8192K, 69% used [0x0000000783500000,0x0000000783a8e190,0x0000000783d00000)
  to   space 8192K, 0% used [0x0000000783d00000,0x0000000783d00000,0x0000000784500000)
 ParOldGen       total 131072K, used 80K [0x0000000700e00000, 0x0000000708e00000, 0x0000000780500000)
  object space 131072K, 0% used [0x0000000700e00000,0x0000000700e14010,0x0000000708e00000)
 Metaspace       used 19168K, capacity 20024K, committed 20096K, reserved 1067008K
  class space    used 2712K, capacity 2921K, committed 2944K, reserved 1048576K
}
Event: 2.034 GC heap before
{Heap before GC invocations=2 (full 0):
 PSYoungGen      total 57344K, used 15810K [0x0000000780500000, 0x0000000784500000, 0x00000007c0000000)
  eden space 49152K, 20% used [0x0000000780500000,0x0000000780ee28f8,0x0000000783500000)
  from space 8192K, 69% used [0x0000000783500000,0x0000000783a8e190,0x0000000783d00000)
  to   space 8192K, 0% used [0x0000000783d00000,0x0000000783d00000,0x0000000784500000)
 ParOldGen       total 131072K, used 80K [0x0000000700e00000, 0x0000000708e00000, 0x0000000780500000)
  object space 131072K, 0% used [0x0000000700e00000,0x0000000700e14010,0x0000000708e00000)
 Metaspace       used 20382K, capacity 21248K, committed 21296K, reserved 1067008K
  class space    used 2911K, capacity 3159K, committed 3200K, reserved 1048576K
Event: 2.048 GC heap after
Heap after GC invocations=2 (full 0):
 PSYoungGen      total 57344K, used 7008K [0x0000000780500000, 0x0000000787500000, 0x00000007c0000000)
  eden space 49152K, 0% used [0x0000000780500000,0x0000000780500000,0x0000000783500000)
  from space 8192K, 85% used [0x0000000783d00000,0x00000007843d8050,0x0000000784500000)
  to   space 8192K, 0% used [0x0000000783500000,0x0000000783500000,0x0000000783d00000)
 ParOldGen       total 131072K, used 4184K [0x0000000700e00000, 0x0000000708e00000, 0x0000000780500000)
  object space 131072K, 3% used [0x0000000700e00000,0x0000000701216030,0x0000000708e00000)
 Metaspace       used 20382K, capacity 21248K, committed 21296K, reserved 1067008K
  class space    used 2911K, capacity 3159K, committed 3200K, reserved 1048576K
}
Event: 2.048 GC heap before
{Heap before GC invocations=3 (full 1):
 PSYoungGen      total 57344K, used 7008K [0x0000000780500000, 0x0000000787500000, 0x00000007c0000000)
  eden space 49152K, 0% used [0x0000000780500000,0x0000000780500000,0x0000000783500000)
  from space 8192K, 85% used [0x0000000783d00000,0x00000007843d8050,0x0000000784500000)
  to   space 8192K, 0% used [0x0000000783500000,0x0000000783500000,0x0000000783d00000)
 ParOldGen       total 131072K, used 4184K [0x0000000700e00000, 0x0000000708e00000, 0x0000000780500000)
  object space 131072K, 3% used [0x0000000700e00000,0x0000000701216030,0x0000000708e00000)
 Metaspace       used 20382K, capacity 21248K, committed 21296K, reserved 1067008K
  class space    used 2911K, capacity 3159K, committed 3200K, reserved 1048576K
Event: 2.092 GC heap after
Heap after GC invocations=3 (full 1):
 PSYoungGen      total 57344K, used 0K [0x0000000780500000, 0x0000000787500000, 0x00000007c0000000)
  eden space 49152K, 0% used [0x0000000780500000,0x0000000780500000,0x0000000783500000)
  from space 8192K, 0% used [0x0000000783d00000,0x0000000783d00000,0x0000000784500000)
  to   space 8192K, 0% used [0x0000000783500000,0x0000000783500000,0x0000000783d00000)
 ParOldGen       total 79872K, used 8973K [0x0000000700e00000, 0x0000000705c00000, 0x0000000780500000)
  object space 79872K, 11% used [0x0000000700e00000,0x00000007016c3790,0x0000000705c00000)
 Metaspace       used 20382K, capacity 21248K, committed 21296K, reserved 1067008K
  class space    used 2911K, capacity 3159K, committed 3200K, reserved 1048576K
}

